\BOOKMARK [1][]{Cabstract.1}{\376\377\144\130\211\201}{}% 1
\BOOKMARK [1][]{Eabstract.1}{\376\377\000A\000b\000s\000t\000r\000a\000c\000t}{}% 2
\BOOKMARK [1][]{tableofcontents.1}{\376\377\166\356\137\125}{}% 3
\BOOKMARK [0][]{chapter.1}{\376\377\173\054\0001\172\340\000\040\000\040\176\352\213\272}{}% 4
\BOOKMARK [1][]{section.1.1}{\376\377\0001\000.\0001\000\040\213\241\173\227\147\072\211\306\211\311\142\200\147\057\151\202\217\360}{chapter.1}% 5
\BOOKMARK [2][]{subsection.1.1.1}{\376\377\0001\000.\0001\000.\0001\000\040\213\241\173\227\147\072\211\306\211\311\173\200\116\313}{section.1.1}% 6
\BOOKMARK [2][]{subsection.1.1.2}{\376\377\0001\000.\0001\000.\0002\000\040\213\241\173\227\147\072\211\306\211\311\166\204\123\321\134\125\163\260\162\266}{section.1.1}% 7
\BOOKMARK [2][]{subsection.1.1.3}{\376\377\0001\000.\0001\000.\0003\000\040\213\241\173\227\147\072\211\306\211\311\166\204\121\163\225\056\225\356\230\230}{section.1.1}% 8
\BOOKMARK [1][]{section.1.2}{\376\377\0001\000.\0002\000\040\123\314\166\356\211\306\211\311\174\373\176\337\173\200\116\313}{chapter.1}% 9
\BOOKMARK [1][]{section.1.3}{\376\377\0001\000.\0003\000\040\172\313\117\123\123\071\221\115\142\200\147\057\173\200\116\313}{chapter.1}% 10
\BOOKMARK [1][]{section.1.4}{\376\377\0001\000.\0004\000\040\147\054\145\207\121\205\133\271\176\323\147\204}{chapter.1}% 11
\BOOKMARK [0][]{chapter.2}{\376\377\173\054\0002\172\340\000\040\000\040\145\366\127\337\171\357\122\006\145\271\172\013\127\372\170\100}{}% 12
\BOOKMARK [1][]{section.2.1}{\376\377\0002\000.\0001\000\040\145\366\127\337\171\357\122\006\145\271\172\013\166\204\174\173\127\213}{chapter.2}% 13
\BOOKMARK [1][]{section.2.2}{\376\377\0002\000.\0002\000\040\172\172\225\364\127\372\121\375\145\160\116\016\145\366\225\364\127\372\121\375\145\160}{chapter.2}% 14
\BOOKMARK [2][]{subsection.2.2.1}{\376\377\0002\000.\0002\000.\0001\000\040\172\172\225\364\127\372\121\375\145\160}{section.2.2}% 15
\BOOKMARK [2][]{subsection.2.2.2}{\376\377\0002\000.\0002\000.\0002\000\040\145\366\225\364\127\372\121\375\145\160}{section.2.2}% 16
\BOOKMARK [3][]{subsubsection.2.2.2.1}{\376\377\0002\000.\0002\000.\0002\000.\0001\000\040\145\366\127\337\145\271\154\325\162\171\147\011\166\204\134\125\137\000\121\375\145\160}{subsection.2.2.2}% 17
\BOOKMARK [3][]{subsubsection.2.2.2.2}{\376\377\0002\000.\0002\000.\0002\000.\0002\000\040\230\221\127\337\145\271\154\325\162\171\147\011\166\204\134\125\137\000\121\375\145\160}{subsection.2.2.2}% 18
\BOOKMARK [1][]{section.2.3}{\376\377\0002\000.\0003\000\040\121\145\134\004\154\342}{chapter.2}% 19
\BOOKMARK [1][]{section.2.4}{\376\377\0002\000.\0004\000\040\147\054\172\340\134\017\176\323}{chapter.2}% 20
\BOOKMARK [0][]{chapter.3}{\376\377\173\054\0003\172\340\000\040\000\040\145\366\127\337\171\357\122\006\145\271\172\013\145\160\120\074\145\271\154\325\170\024\172\166}{}% 21
\BOOKMARK [1][]{section.3.1}{\376\377\0003\000.\0001\000\040\145\366\127\337\171\357\122\006\145\271\172\013\145\366\225\364\153\145\217\333\173\227\154\325\166\204\226\073\142\227\121\103\175\040\174\276\170\156\213\241\173\227}{chapter.3}% 22
\BOOKMARK [1][]{section.3.2}{\376\377\0003\000.\0002\000\040\145\366\127\337\171\357\122\006\145\271\172\013\145\366\225\364\153\145\217\333\173\227\154\325\226\073\142\227\167\351\226\065\166\204\133\130\120\250}{chapter.3}% 23
\BOOKMARK [2][]{subsection.3.2.1}{\376\377\0003\000.\0002\000.\0001\000\040\145\366\127\337\171\357\122\006\145\271\172\013\145\366\225\364\153\145\217\333\173\227\154\325\116\247\165\037\166\204\226\073\142\227\167\351\226\065\166\204\162\171\137\201}{section.3.2}% 24
\BOOKMARK [2][]{subsection.3.2.2}{\376\377\0003\000.\0002\000.\0002\000\040\145\160\120\074\173\227\117\213\116\016\122\006\147\220}{section.3.2}% 25
\BOOKMARK [1][]{section.3.3}{\376\377\0003\000.\0003\000\040\145\366\127\337\171\357\122\006\145\271\172\013\145\366\225\364\153\145\217\333\173\227\154\325\167\351\226\065\145\271\172\013\166\204\154\102\211\343}{chapter.3}% 26
\BOOKMARK [1][]{section.3.4}{\376\377\0003\000.\0004\000\040\147\054\172\340\134\017\176\323}{chapter.3}% 27
\BOOKMARK [0][]{chapter.4}{\376\377\173\054\0004\172\340\000\040\000\040\121\150\145\207\140\073\176\323\116\016\134\125\147\033}{}% 28
\BOOKMARK [1][]{section.4.1}{\376\377\0004\000.\0001\000\040\121\150\145\207\140\073\176\323}{chapter.4}% 29
\BOOKMARK [1][]{section.4.2}{\376\377\0004\000.\0002\000\040\124\016\176\355\135\345\117\134\134\125\147\033}{chapter.4}% 30
\BOOKMARK [0][]{section*.8}{\376\377\123\302\200\003\145\207\163\056}{}% 31
\BOOKMARK [0][]{section*.11}{\376\377\201\364\000\040\214\042}{}% 32
\BOOKMARK [0][]{section*.12}{\376\377\131\026\145\207\215\104\145\231\123\237\145\207}{}% 33
\BOOKMARK [0][]{section*.13}{\376\377\131\026\145\207\215\104\145\231\213\321\145\207}{}% 34
